<?xml version="1.0" encoding="UTF-8"?>
<!-- Generated by org.testng.reporters.JUnitReportReporter -->
<testsuite hostname="Lenovo" failures="0" tests="1" name="testCases.TC_SU_003" time="1.146" errors="0" timestamp="2025-02-07T09:59:46 IST" skipped="0">
  <testcase classname="testCases.TC_SU_003" name="testSignupInvalidPassword" time="1.146"/>
</testsuite> <!-- testCases.TC_SU_003 -->
