<?xml version="1.0" encoding="UTF-8"?>
<!-- Generated by org.testng.reporters.JUnitReportReporter -->
<testsuite hostname="Lenovo" failures="0" tests="1" name="testCases.TC_SI_007" time="0.691" errors="0" timestamp="2025-02-07T10:01:09 IST" skipped="0">
  <testcase classname="testCases.TC_SI_007" name="testSigninPasswordToggled" time="0.691"/>
</testsuite> <!-- testCases.TC_SI_007 -->
