<?xml version="1.0" encoding="UTF-8"?>
<!-- Generated by org.testng.reporters.JUnitReportReporter -->
<testsuite hostname="Lenovo" failures="0" tests="1" name="testCases.TC_SI_006" time="0.913" errors="0" timestamp="2025-02-07T10:01:09 IST" skipped="0">
  <testcase classname="testCases.TC_SI_006" name="testSigninInvalidPasswordComplexity" time="0.913"/>
</testsuite> <!-- testCases.TC_SI_006 -->
