<?xml version="1.0" encoding="UTF-8"?>
<!-- Generated by org.testng.reporters.JUnitReportReporter -->
<testsuite hostname="Lenovo" failures="0" tests="1" name="testCases.TC_SU_002" time="0.964" errors="0" timestamp="2025-02-07T09:59:46 IST" skipped="0">
  <testcase classname="testCases.TC_SU_002" name="testSignupInvalidEmail" time="0.964"/>
</testsuite> <!-- testCases.TC_SU_002 -->
