<?xml version="1.0" encoding="UTF-8"?>
<!-- Generated by org.testng.reporters.JUnitReportReporter -->
<testsuite hostname="Lenovo" failures="0" tests="1" name="testCases.TC_001_" time="0.236" errors="0" timestamp="2025-02-05T18:43:15 IST" skipped="0">
  <testcase classname="testCases.TC_001_" name="testSignup" time="0.236"/>
</testsuite> <!-- testCases.TC_001_ -->
