<?xml version="1.0" encoding="UTF-8"?>
<!-- Generated by org.testng.reporters.JUnitReportReporter -->
<testsuite hostname="Lenovo" failures="0" tests="1" name="testCases.TC_SI_004" time="2.387" errors="0" timestamp="2025-02-07T10:01:09 IST" skipped="0">
  <testcase classname="testCases.TC_SI_004" name="testSigninInvalidEmail" time="2.387"/>
</testsuite> <!-- testCases.TC_SI_004 -->
