<?xml version="1.0" encoding="UTF-8"?>
<!-- Generated by org.testng.reporters.JUnitReportReporter -->
<testsuite hostname="Lenovo" failures="0" tests="1" name="testCases.TC_SI_002" time="2.625" errors="0" timestamp="2025-02-07T10:18:53 IST" skipped="0">
  <testcase classname="testCases.TC_SI_002" name="testSigninValidCred" time="2.625"/>
</testsuite> <!-- testCases.TC_SI_002 -->
